<?xml version="1.0" encoding="UTF-8"?>
<!-- Generated by org.testng.reporters.JUnitReportReporter -->
<testsuite hostname="AQUARIOUS" name="PackageOne.ClassOne" tests="1" failures="0" timestamp="24 Aug 2018 15:46:19 GMT" time="0.043" errors="0">
  <testcase name="valTestNG" time="0.043" classname="PackageOne.ClassOne"/>
</testsuite> <!-- PackageOne.ClassOne -->
