<?xml version="1.0" encoding="UTF-8"?>
<!-- Generated by org.testng.reporters.JUnitReportReporter -->
<testsuite hostname="AQUARIOUS" name="PackageOne.ClassOne" tests="1" failures="0" timestamp="25 Aug 2018 19:20:10 GMT" time="0.020" errors="0">
  <testcase name="valTestNG" time="0.020" classname="PackageOne.ClassOne"/>
</testsuite> <!-- PackageOne.ClassOne -->
