<?xml version="1.0" encoding="UTF-8"?>
<!-- Generated by org.testng.reporters.JUnitReportReporter -->
<testsuite skipped="0" hostname="potapws00031ld" name="pack1.Class1" tests="1" failures="0" timestamp="13 Aug 2018 09:19:01 GMT" time="0.014" errors="0">
  <testcase name="tc1" time="0.014" classname="pack1.Class1"/>
</testsuite> <!-- pack1.Class1 -->
